{"level":"error","message":"Request failed: POST /api/auth/register - 404","timestamp":"2025-03-04T11:20:08.401Z"}
{"level":"error","message":"Request failed: POST /api/auth/register - 404","timestamp":"2025-03-04T11:20:08.492Z"}
{"level":"error","message":"Request failed: POST /api/auth/login - 404","timestamp":"2025-03-04T11:20:08.584Z"}
{"level":"error","message":"Request failed: POST /api/auth/login - 404","timestamp":"2025-03-04T11:20:08.668Z"}
{"level":"error","message":"Request failed: POST /api/auth/login - 404","timestamp":"2025-03-04T11:20:08.749Z"}
{"level":"error","message":"Request failed: POST /api/auth/register - 404","timestamp":"2025-03-04T11:21:27.871Z"}
{"level":"error","message":"Request failed: POST /api/auth/register - 404","timestamp":"2025-03-04T11:21:27.963Z"}
{"level":"error","message":"Request failed: POST /api/auth/login - 404","timestamp":"2025-03-04T11:21:28.052Z"}
{"level":"error","message":"Request failed: POST /api/auth/login - 404","timestamp":"2025-03-04T11:21:28.139Z"}
{"level":"error","message":"Request failed: POST /api/auth/login - 404","timestamp":"2025-03-04T11:21:28.233Z"}
{"level":"error","message":"Request failed: POST /api/auth/register - 404","timestamp":"2025-03-04T11:21:37.394Z"}
{"level":"error","message":"Request failed: POST /api/auth/register - 404","timestamp":"2025-03-04T11:21:37.502Z"}
{"level":"error","message":"Request failed: POST /api/auth/login - 404","timestamp":"2025-03-04T11:21:37.597Z"}
{"level":"error","message":"Request failed: POST /api/auth/login - 404","timestamp":"2025-03-04T11:21:37.693Z"}
{"level":"error","message":"Request failed: POST /api/auth/login - 404","timestamp":"2025-03-04T11:21:37.790Z"}
{"level":"error","message":"Request failed: POST /api/auth/register - 404","timestamp":"2025-03-04T11:23:46.214Z"}
{"level":"error","message":"Request failed: POST /api/auth/register - 404","timestamp":"2025-03-04T11:23:46.301Z"}
{"level":"error","message":"Request failed: POST /api/auth/login - 404","timestamp":"2025-03-04T11:23:46.383Z"}
{"level":"error","message":"Request failed: POST /api/auth/login - 404","timestamp":"2025-03-04T11:23:46.463Z"}
{"level":"error","message":"Request failed: POST /api/auth/login - 404","timestamp":"2025-03-04T11:23:46.543Z"}
{"level":"info","message":"Request success: POST /api/v1/register - 201","timestamp":"2025-03-04T11:24:06.472Z"}
{"level":"error","message":"Request failed: POST /api/auth/register - 404","timestamp":"2025-03-04T11:24:06.559Z"}
{"level":"error","message":"Request failed: POST /api/auth/login - 404","timestamp":"2025-03-04T11:24:06.640Z"}
{"level":"error","message":"Request failed: POST /api/auth/login - 404","timestamp":"2025-03-04T11:24:06.718Z"}
{"level":"error","message":"Request failed: POST /api/auth/login - 404","timestamp":"2025-03-04T11:24:06.795Z"}
{"level":"info","message":"Request success: POST /api/v1/register - 201","timestamp":"2025-03-04T11:24:16.325Z"}
{"level":"error","message":"Request failed: POST /api/v1/register - 400","timestamp":"2025-03-04T11:24:16.422Z"}
{"level":"error","message":"Request failed: POST /api/auth/login - 404","timestamp":"2025-03-04T11:24:16.510Z"}
{"level":"error","message":"Request failed: POST /api/auth/login - 404","timestamp":"2025-03-04T11:24:16.595Z"}
{"level":"error","message":"Request failed: POST /api/auth/login - 404","timestamp":"2025-03-04T11:24:16.673Z"}
{"level":"info","message":"Request success: POST /api/v1/register - 201","timestamp":"2025-03-04T11:24:25.505Z"}
{"level":"error","message":"Request failed: POST /api/v1/register - 400","timestamp":"2025-03-04T11:24:25.595Z"}
{"level":"info","message":"Request success: POST /api/v1/login - 200","timestamp":"2025-03-04T11:24:25.743Z"}
{"level":"error","message":"Request failed: POST /api/auth/login - 404","timestamp":"2025-03-04T11:24:25.823Z"}
{"level":"error","message":"Request failed: POST /api/auth/login - 404","timestamp":"2025-03-04T11:24:25.903Z"}
{"level":"info","message":"Request success: POST /api/v1/register - 201","timestamp":"2025-03-04T11:24:34.698Z"}
{"level":"error","message":"Request failed: POST /api/v1/register - 400","timestamp":"2025-03-04T11:24:34.792Z"}
{"level":"info","message":"Request success: POST /api/v1/login - 200","timestamp":"2025-03-04T11:24:34.941Z"}
{"level":"error","message":"Request failed: POST /api/v1/login - 400","timestamp":"2025-03-04T11:24:35.092Z"}
{"level":"error","message":"Request failed: POST /api/auth/login - 404","timestamp":"2025-03-04T11:24:35.171Z"}
{"level":"info","message":"Request success: POST /api/v1/register - 201","timestamp":"2025-03-04T11:24:44.740Z"}
{"level":"error","message":"Request failed: POST /api/v1/register - 400","timestamp":"2025-03-04T11:24:44.835Z"}
{"level":"info","message":"Request success: POST /api/v1/login - 200","timestamp":"2025-03-04T11:24:44.982Z"}
{"level":"error","message":"Request failed: POST /api/v1/login - 400","timestamp":"2025-03-04T11:24:45.129Z"}
{"level":"error","message":"Request failed: POST /api/v1/login - 400","timestamp":"2025-03-04T11:24:45.224Z"}
{"level":"info","message":"Request success: POST /api/v1/register - 201","timestamp":"2025-03-04T11:24:56.921Z"}
{"level":"error","message":"Request failed: POST /api/v1/register - 400","timestamp":"2025-03-04T11:24:57.040Z"}
{"level":"info","message":"Request success: POST /api/v1/login - 200","timestamp":"2025-03-04T11:24:57.215Z"}
{"level":"error","message":"Request failed: POST /api/v1/login - 400","timestamp":"2025-03-04T11:24:57.380Z"}
{"level":"error","message":"Request failed: POST /api/v1/login - 400","timestamp":"2025-03-04T11:24:57.491Z"}
{"level":"info","message":"Request success: POST /api/v1/register - 201","timestamp":"2025-03-04T11:25:43.718Z"}
{"level":"error","message":"Request failed: POST /api/v1/register - 400","timestamp":"2025-03-04T11:25:43.812Z"}
{"level":"info","message":"Request success: POST /api/v1/login - 200","timestamp":"2025-03-04T11:25:43.965Z"}
{"level":"error","message":"Request failed: POST /api/v1/login - 400","timestamp":"2025-03-04T11:25:44.106Z"}
{"level":"error","message":"Request failed: POST /api/v1/login - 400","timestamp":"2025-03-04T11:25:44.190Z"}
{"level":"info","message":"Request success: POST /api/v1/register - 201","timestamp":"2025-03-04T11:25:51.288Z"}
{"level":"error","message":"Request failed: POST /api/v1/register - 400","timestamp":"2025-03-04T11:25:51.384Z"}
{"level":"info","message":"Request success: POST /api/v1/login - 200","timestamp":"2025-03-04T11:25:51.535Z"}
{"level":"error","message":"Request failed: POST /api/v1/login - 400","timestamp":"2025-03-04T11:25:51.693Z"}
{"level":"error","message":"Request failed: POST /api/v1/login - 400","timestamp":"2025-03-04T11:25:51.781Z"}
{"level":"info","message":"Request success: POST /api/v1/register - 201","timestamp":"2025-03-04T11:25:59.619Z"}
{"level":"error","message":"Request failed: POST /api/v1/register - 400","timestamp":"2025-03-04T11:25:59.742Z"}
{"level":"info","message":"Request success: POST /api/v1/login - 200","timestamp":"2025-03-04T11:25:59.907Z"}
{"level":"error","message":"Request failed: POST /api/v1/login - 400","timestamp":"2025-03-04T11:26:00.052Z"}
{"level":"error","message":"Request failed: POST /api/v1/login - 400","timestamp":"2025-03-04T11:26:00.139Z"}
{"level":"info","message":"Request success: POST /api/v1/register - 201","timestamp":"2025-03-04T11:26:11.907Z"}
{"level":"error","message":"Request failed: POST /api/v1/register - 400","timestamp":"2025-03-04T11:26:12.001Z"}
{"level":"info","message":"Request success: POST /api/v1/login - 200","timestamp":"2025-03-04T11:26:12.160Z"}
{"level":"error","message":"Request failed: POST /api/v1/login - 400","timestamp":"2025-03-04T11:26:12.309Z"}
{"level":"error","message":"Request failed: POST /api/v1/login - 400","timestamp":"2025-03-04T11:26:12.392Z"}
{"level":"info","message":"Request success: POST /api/v1/register - 201","timestamp":"2025-03-04T11:26:46.353Z"}
{"level":"error","message":"Request failed: POST /api/v1/register - 400","timestamp":"2025-03-04T11:26:46.447Z"}
{"level":"info","message":"Request success: POST /api/v1/login - 200","timestamp":"2025-03-04T11:26:46.598Z"}
{"level":"error","message":"Request failed: POST /api/v1/login - 400","timestamp":"2025-03-04T11:26:46.742Z"}
{"level":"error","message":"Request failed: POST /api/v1/login - 400","timestamp":"2025-03-04T11:26:46.827Z"}
{"level":"info","message":"Request success: POST /api/v1/register - 201","timestamp":"2025-03-04T11:26:59.164Z"}
{"level":"error","message":"Request failed: POST /api/v1/register - 400","timestamp":"2025-03-04T11:26:59.269Z"}
{"level":"info","message":"Request success: POST /api/v1/login - 200","timestamp":"2025-03-04T11:26:59.444Z"}
{"level":"error","message":"Request failed: POST /api/v1/login - 400","timestamp":"2025-03-04T11:26:59.597Z"}
{"level":"error","message":"Request failed: POST /api/v1/login - 400","timestamp":"2025-03-04T11:26:59.683Z"}
{"level":"info","message":"Request success: POST /api/v1/register - 201","timestamp":"2025-03-04T11:27:09.069Z"}
{"level":"error","message":"Request failed: POST /api/v1/register - 400","timestamp":"2025-03-04T11:27:09.163Z"}
{"level":"info","message":"Request success: POST /api/v1/login - 200","timestamp":"2025-03-04T11:27:09.320Z"}
{"level":"error","message":"Request failed: POST /api/v1/login - 400","timestamp":"2025-03-04T11:27:09.484Z"}
{"level":"error","message":"Request failed: POST /api/v1/login - 400","timestamp":"2025-03-04T11:27:09.571Z"}
{"level":"info","message":"Request success: POST /api/v1/register - 201","timestamp":"2025-03-04T11:27:51.360Z"}
{"level":"error","message":"Request failed: POST /api/v1/register - 400","timestamp":"2025-03-04T11:27:51.480Z"}
{"level":"info","message":"Request success: POST /api/v1/login - 200","timestamp":"2025-03-04T11:27:51.633Z"}
{"level":"error","message":"Request failed: POST /api/v1/login - 400","timestamp":"2025-03-04T11:27:51.780Z"}
{"level":"error","message":"Request failed: POST /api/v1/login - 400","timestamp":"2025-03-04T11:27:51.866Z"}
