{"level":"info","message":"Request success: POST /api/v1/register - 201","timestamp":"2025-03-04T11:31:21.904Z"}
{"level":"error","message":"Request failed: POST /api/v1/register - 400","timestamp":"2025-03-04T11:31:22.005Z"}
{"level":"info","message":"Request success: POST /api/v1/login - 200","timestamp":"2025-03-04T11:31:22.166Z"}
{"level":"error","message":"Request failed: POST /api/v1/login - 400","timestamp":"2025-03-04T11:31:22.312Z"}
{"level":"error","message":"Request failed: POST /api/v1/login - 400","timestamp":"2025-03-04T11:31:22.396Z"}
{"level":"info","message":"Request success: POST /api/v1/register - 201","timestamp":"2025-03-04T11:34:47.951Z"}
{"level":"error","message":"Request failed: POST /api/v1/register - 400","timestamp":"2025-03-04T11:34:48.046Z"}
{"level":"info","message":"Request success: POST /api/v1/login - 200","timestamp":"2025-03-04T11:34:48.201Z"}
{"level":"error","message":"Request failed: POST /api/v1/login - 400","timestamp":"2025-03-04T11:34:48.366Z"}
{"level":"error","message":"Request failed: POST /api/v1/login - 400","timestamp":"2025-03-04T11:34:48.466Z"}
{"level":"error","message":"Request failed: POST /api/v1/register - 400","timestamp":"2025-03-04T11:37:03.639Z"}
{"level":"error","message":"Request failed: POST /api/v1/register - 400","timestamp":"2025-03-04T11:37:03.726Z"}
{"level":"info","message":"Request success: POST /api/v1/login - 200","timestamp":"2025-03-04T11:37:03.891Z"}
{"level":"error","message":"Request failed: POST /api/v1/login - 400","timestamp":"2025-03-04T11:37:04.042Z"}
{"level":"error","message":"Request failed: POST /api/v1/login - 400","timestamp":"2025-03-04T11:37:04.130Z"}
{"level":"info","message":"Request success: POST /api/v1/register - 201","timestamp":"2025-03-04T11:37:57.815Z"}
{"level":"error","message":"Request failed: POST /api/v1/register - 400","timestamp":"2025-03-04T11:37:57.910Z"}
{"level":"info","message":"Request success: POST /api/v1/login - 200","timestamp":"2025-03-04T11:37:58.086Z"}
{"level":"error","message":"Request failed: POST /api/v1/login - 400","timestamp":"2025-03-04T11:37:58.237Z"}
{"level":"error","message":"Request failed: POST /api/v1/login - 400","timestamp":"2025-03-04T11:37:58.321Z"}
{"level":"info","message":"Request success: POST /api/v1/register - 201","timestamp":"2025-03-04T11:38:02.689Z"}
{"level":"error","message":"Request failed: POST /api/v1/register - 400","timestamp":"2025-03-04T11:38:02.784Z"}
{"level":"info","message":"Request success: POST /api/v1/login - 200","timestamp":"2025-03-04T11:38:02.934Z"}
{"level":"error","message":"Request failed: POST /api/v1/login - 400","timestamp":"2025-03-04T11:38:03.088Z"}
{"level":"error","message":"Request failed: POST /api/v1/login - 400","timestamp":"2025-03-04T11:38:03.178Z"}
{"level":"error","message":"Request failed: POST /api/v1/register - 400","timestamp":"2025-03-04T11:38:03.260Z"}
{"level":"error","message":"Request failed: POST /api/v1/register - 400","timestamp":"2025-03-04T11:38:03.341Z"}
{"level":"error","message":"Request failed: POST /api/v1/register - 400","timestamp":"2025-03-04T11:38:03.428Z"}
{"level":"error","message":"Request failed: POST /api/v1/register - 400","timestamp":"2025-03-04T11:38:03.511Z"}
{"level":"error","message":"Request failed: POST /api/v1/register - 400","timestamp":"2025-03-04T11:38:03.596Z"}
{"level":"error","message":"Request failed: POST /api/v1/login - 400","timestamp":"2025-03-04T11:38:03.680Z"}
{"level":"error","message":"Request failed: POST /api/v1/login - 400","timestamp":"2025-03-04T11:38:03.771Z"}
{"level":"info","message":"Request success: POST /api/v1/register - 201","timestamp":"2025-03-04T11:38:53.042Z"}
{"level":"error","message":"Request failed: POST /api/v1/register - 400","timestamp":"2025-03-04T11:38:53.135Z"}
{"level":"info","message":"Request success: POST /api/v1/login - 200","timestamp":"2025-03-04T11:38:53.282Z"}
{"level":"error","message":"Request failed: POST /api/v1/login - 400","timestamp":"2025-03-04T11:38:53.427Z"}
{"level":"error","message":"Request failed: POST /api/v1/login - 400","timestamp":"2025-03-04T11:38:53.509Z"}
{"level":"error","message":"Request failed: POST /api/v1/register - 400","timestamp":"2025-03-04T11:38:53.589Z"}
{"level":"error","message":"Request failed: POST /api/v1/register - 400","timestamp":"2025-03-04T11:38:53.668Z"}
{"level":"error","message":"Request failed: POST /api/v1/register - 400","timestamp":"2025-03-04T11:38:53.747Z"}
{"level":"error","message":"Request failed: POST /api/v1/register - 400","timestamp":"2025-03-04T11:38:53.827Z"}
{"level":"error","message":"Request failed: POST /api/v1/register - 400","timestamp":"2025-03-04T11:38:53.904Z"}
{"level":"error","message":"Request failed: POST /api/v1/login - 400","timestamp":"2025-03-04T11:38:53.980Z"}
{"level":"error","message":"Request failed: POST /api/v1/login - 400","timestamp":"2025-03-04T11:38:54.057Z"}
{"level":"info","message":"Request success: POST /api/v1/register - 201","timestamp":"2025-03-04T11:39:35.750Z"}
{"level":"error","message":"Request failed: POST /api/v1/register - 400","timestamp":"2025-03-04T11:39:35.842Z"}
{"level":"info","message":"Request success: POST /api/v1/login - 200","timestamp":"2025-03-04T11:39:35.990Z"}
{"level":"error","message":"Request failed: POST /api/v1/login - 400","timestamp":"2025-03-04T11:39:36.133Z"}
{"level":"error","message":"Request failed: POST /api/v1/login - 400","timestamp":"2025-03-04T11:39:36.233Z"}
{"level":"error","message":"Request failed: POST /api/v1/register - 400","timestamp":"2025-03-04T11:39:36.314Z"}
{"level":"error","message":"Request failed: POST /api/v1/register - 400","timestamp":"2025-03-04T11:39:36.395Z"}
{"level":"error","message":"Request failed: POST /api/v1/register - 400","timestamp":"2025-03-04T11:39:36.473Z"}
{"level":"error","message":"Request failed: POST /api/v1/register - 400","timestamp":"2025-03-04T11:39:36.552Z"}
{"level":"error","message":"Request failed: POST /api/v1/register - 400","timestamp":"2025-03-04T11:39:36.634Z"}
{"level":"error","message":"Request failed: POST /api/v1/login - 400","timestamp":"2025-03-04T11:39:36.711Z"}
{"level":"error","message":"Request failed: POST /api/v1/login - 400","timestamp":"2025-03-04T11:39:36.787Z"}
{"level":"info","message":"Request success: POST /api/v1/register - 201","timestamp":"2025-03-04T11:39:57.035Z"}
{"level":"error","message":"Request failed: POST /api/v1/register - 400","timestamp":"2025-03-04T11:39:57.146Z"}
{"level":"info","message":"Request success: POST /api/v1/login - 200","timestamp":"2025-03-04T11:39:57.333Z"}
{"level":"error","message":"Request failed: POST /api/v1/login - 400","timestamp":"2025-03-04T11:39:57.503Z"}
{"level":"error","message":"Request failed: POST /api/v1/login - 400","timestamp":"2025-03-04T11:39:57.618Z"}
{"level":"error","message":"Request failed: POST /api/v1/register - 400","timestamp":"2025-03-04T11:39:57.724Z"}
{"level":"error","message":"Request failed: POST /api/v1/register - 400","timestamp":"2025-03-04T11:39:57.824Z"}
{"level":"error","message":"Request failed: POST /api/v1/register - 400","timestamp":"2025-03-04T11:39:57.918Z"}
{"level":"error","message":"Request failed: POST /api/v1/register - 400","timestamp":"2025-03-04T11:39:58.019Z"}
{"level":"error","message":"Request failed: POST /api/v1/register - 400","timestamp":"2025-03-04T11:39:58.115Z"}
{"level":"error","message":"Request failed: POST /api/v1/login - 400","timestamp":"2025-03-04T11:39:58.217Z"}
{"level":"error","message":"Request failed: POST /api/v1/login - 400","timestamp":"2025-03-04T11:39:58.311Z"}
{"level":"info","message":"Request success: POST /api/v1/register - 201","timestamp":"2025-03-04T11:42:10.213Z"}
{"level":"error","message":"Request failed: POST /api/v1/register - 400","timestamp":"2025-03-04T11:42:10.305Z"}
{"level":"info","message":"Request success: POST /api/v1/login - 200","timestamp":"2025-03-04T11:42:10.463Z"}
{"level":"error","message":"Request failed: POST /api/v1/login - 400","timestamp":"2025-03-04T11:42:10.608Z"}
{"level":"error","message":"Request failed: POST /api/v1/login - 400","timestamp":"2025-03-04T11:42:10.693Z"}
{"level":"error","message":"Request failed: POST /api/v1/register - 400","timestamp":"2025-03-04T11:42:10.771Z"}
{"level":"error","message":"Request failed: POST /api/v1/register - 400","timestamp":"2025-03-04T11:42:10.848Z"}
{"level":"error","message":"Request failed: POST /api/v1/register - 400","timestamp":"2025-03-04T11:42:10.928Z"}
{"level":"error","message":"Request failed: POST /api/v1/register - 400","timestamp":"2025-03-04T11:42:11.009Z"}
{"level":"error","message":"Request failed: POST /api/v1/register - 400","timestamp":"2025-03-04T11:42:11.091Z"}
{"level":"error","message":"Request failed: POST /api/v1/login - 400","timestamp":"2025-03-04T11:42:11.173Z"}
{"level":"error","message":"Request failed: POST /api/v1/login - 400","timestamp":"2025-03-04T11:42:11.251Z"}
{"level":"info","message":"Request success: POST /api/v1/forgot-password - 200","timestamp":"2025-03-04T11:42:13.120Z"}
{"level":"error","message":"Request failed: POST /api/v1/forgot-password - 400","timestamp":"2025-03-04T11:42:13.214Z"}
{"level":"info","message":"Request success: POST /api/v1/reset-password/randomToken123 - 200","timestamp":"2025-03-04T11:42:13.379Z"}
{"level":"error","message":"Request failed: POST /api/v1/reset-password/invalidToken123 - 400","timestamp":"2025-03-04T11:42:13.460Z"}
{"level":"error","message":"Request failed: POST /api/v1/reset-password/randomToken123 - 400","timestamp":"2025-03-04T11:42:13.536Z"}
{"level":"info","message":"Request success: POST /api/v1/register - 201","timestamp":"2025-03-04T11:42:34.191Z"}
{"level":"error","message":"Request failed: POST /api/v1/register - 400","timestamp":"2025-03-04T11:42:34.288Z"}
{"level":"info","message":"Request success: POST /api/v1/login - 200","timestamp":"2025-03-04T11:42:34.439Z"}
{"level":"error","message":"Request failed: POST /api/v1/login - 400","timestamp":"2025-03-04T11:42:34.607Z"}
{"level":"error","message":"Request failed: POST /api/v1/login - 400","timestamp":"2025-03-04T11:42:34.700Z"}
{"level":"error","message":"Request failed: POST /api/v1/register - 400","timestamp":"2025-03-04T11:42:34.779Z"}
{"level":"error","message":"Request failed: POST /api/v1/register - 400","timestamp":"2025-03-04T11:42:34.857Z"}
{"level":"error","message":"Request failed: POST /api/v1/register - 400","timestamp":"2025-03-04T11:42:34.935Z"}
{"level":"error","message":"Request failed: POST /api/v1/register - 400","timestamp":"2025-03-04T11:42:35.014Z"}
{"level":"error","message":"Request failed: POST /api/v1/register - 400","timestamp":"2025-03-04T11:42:35.098Z"}
{"level":"error","message":"Request failed: POST /api/v1/login - 400","timestamp":"2025-03-04T11:42:35.178Z"}
{"level":"error","message":"Request failed: POST /api/v1/login - 400","timestamp":"2025-03-04T11:42:35.260Z"}
{"level":"info","message":"Request success: POST /api/v1/forgot-password - 200","timestamp":"2025-03-04T11:42:37.679Z"}
{"level":"error","message":"Request failed: POST /api/v1/forgot-password - 400","timestamp":"2025-03-04T11:42:37.768Z"}
{"level":"info","message":"Request success: POST /api/v1/reset-password/randomToken123 - 200","timestamp":"2025-03-04T11:42:37.938Z"}
{"level":"error","message":"Request failed: POST /api/v1/reset-password/invalidToken123 - 400","timestamp":"2025-03-04T11:42:38.016Z"}
{"level":"error","message":"Request failed: POST /api/v1/reset-password/randomToken123 - 400","timestamp":"2025-03-04T11:42:38.094Z"}
{"level":"info","message":"Request success: POST /api/v1/register - 201","timestamp":"2025-03-04T11:42:55.152Z"}
{"level":"error","message":"Request failed: POST /api/v1/register - 400","timestamp":"2025-03-04T11:42:55.273Z"}
{"level":"info","message":"Request success: POST /api/v1/login - 200","timestamp":"2025-03-04T11:42:55.456Z"}
{"level":"error","message":"Request failed: POST /api/v1/login - 400","timestamp":"2025-03-04T11:42:55.623Z"}
{"level":"error","message":"Request failed: POST /api/v1/login - 400","timestamp":"2025-03-04T11:42:55.731Z"}
{"level":"error","message":"Request failed: POST /api/v1/register - 400","timestamp":"2025-03-04T11:42:55.827Z"}
{"level":"error","message":"Request failed: POST /api/v1/register - 400","timestamp":"2025-03-04T11:42:55.925Z"}
{"level":"error","message":"Request failed: POST /api/v1/register - 400","timestamp":"2025-03-04T11:42:56.027Z"}
{"level":"error","message":"Request failed: POST /api/v1/register - 400","timestamp":"2025-03-04T11:42:56.123Z"}
{"level":"error","message":"Request failed: POST /api/v1/register - 400","timestamp":"2025-03-04T11:42:56.224Z"}
{"level":"error","message":"Request failed: POST /api/v1/login - 400","timestamp":"2025-03-04T11:42:56.319Z"}
{"level":"error","message":"Request failed: POST /api/v1/login - 400","timestamp":"2025-03-04T11:42:56.411Z"}
{"level":"info","message":"Request success: POST /api/v1/forgot-password - 200","timestamp":"2025-03-04T11:42:57.450Z"}
{"level":"error","message":"Request failed: POST /api/v1/forgot-password - 400","timestamp":"2025-03-04T11:42:57.549Z"}
{"level":"info","message":"Request success: POST /api/v1/reset-password/randomToken123 - 200","timestamp":"2025-03-04T11:42:57.730Z"}
{"level":"error","message":"Request failed: POST /api/v1/reset-password/invalidToken123 - 400","timestamp":"2025-03-04T11:42:57.833Z"}
{"level":"error","message":"Request failed: POST /api/v1/reset-password/randomToken123 - 400","timestamp":"2025-03-04T11:42:57.930Z"}
